<?xml version="1.0" encoding="UTF-8"?>
<!-- Generated by org.testng.reporters.JUnitXMLReporter -->
<testsuite ignored="0" hostname="RKAINS007" failures="0" tests="1" name="Test" time="1.622" errors="0" timestamp="18 Jan 2023 14:25:58 GMT">
  <testcase classname="TestWatchVid.Register" name="@BeforeClass beforeClass" time="1.586">
    <failure type="org.openqa.selenium.SessionNotCreatedException" message="session not created: This version of ChromeDriver only supports Chrome version 106
Current browser version is 109.0.5414.75 with binary path C:\Program Files\Google\Chrome\Application\chrome.exe
Build info: version: &amp;apos;3.141.59&amp;apos;, revision: &amp;apos;e82be7d358&amp;apos;, time: &amp;apos;2018-11-14T08:17:03&amp;apos;
System info: host: &amp;apos;RKAINS007&amp;apos;, ip: &amp;apos;192.168.142.234&amp;apos;, os.name: &amp;apos;Windows 11&amp;apos;, os.arch: &amp;apos;amd64&amp;apos;, os.version: &amp;apos;10.0&amp;apos;, java.version: &amp;apos;17.0.5&amp;apos;
Driver info: driver.version: ChromeDriver
remote stacktrace: Backtrace:
	Ordinal0 [0x00851ED3+2236115]
	Ordinal0 [0x007E92F1+1807089]
	Ordinal0 [0x006F66FD+812797]
	Ordinal0 [0x00718C6D+953453]
	Ordinal0 [0x00714200+934400]
	Ordinal0 [0x007119C9+924105]
	Ordinal0 [0x0074806C+1146988]
	Ordinal0 [0x00747A6A+1145450]
	Ordinal0 [0x007418A6+1120422]
	Ordinal0 [0x0071A73D+960317]
	Ordinal0 [0x0071B71F+964383]
	GetHandleVerifier [0x00AFE7E2+2743074]
	GetHandleVerifier [0x00AF08D4+2685972]
	GetHandleVerifier [0x008E2BAA+532202]
	GetHandleVerifier [0x008E1990+527568]
	Ordinal0 [0x007F080C+1837068]
	Ordinal0 [0x007F4CD8+1854680]
	Ordinal0 [0x007F4DC5+1854917]
	Ordinal0 [0x007FED64+1895780]
	BaseThreadInitThunk [0x76847D69+25]
	RtlInitializeExceptionChain [0x77E0BB9B+107]
	RtlClearBits [0x77E0BB1F+191]
">
      <![CDATA[org.openqa.selenium.SessionNotCreatedException: session not created: This version of ChromeDriver only supports Chrome version 106
Current browser version is 109.0.5414.75 with binary path C:\Program Files\Google\Chrome\Application\chrome.exe
Build info: version: '3.141.59', revision: 'e82be7d358', time: '2018-11-14T08:17:03'
System info: host: 'RKAINS007', ip: '192.168.142.234', os.name: 'Windows 11', os.arch: 'amd64', os.version: '10.0', java.version: '17.0.5'
Driver info: driver.version: ChromeDriver
remote stacktrace: Backtrace:
Ordinal0 [0x00851ED3+2236115]
Ordinal0 [0x007E92F1+1807089]
Ordinal0 [0x006F66FD+812797]
Ordinal0 [0x00718C6D+953453]
Ordinal0 [0x00714200+934400]
Ordinal0 [0x007119C9+924105]
Ordinal0 [0x0074806C+1146988]
Ordinal0 [0x00747A6A+1145450]
Ordinal0 [0x007418A6+1120422]
Ordinal0 [0x0071A73D+960317]
Ordinal0 [0x0071B71F+964383]
GetHandleVerifier [0x00AFE7E2+2743074]
GetHandleVerifier [0x00AF08D4+2685972]
GetHandleVerifier [0x008E2BAA+532202]
GetHandleVerifier [0x008E1990+527568]
Ordinal0 [0x007F080C+1837068]
Ordinal0 [0x007F4CD8+1854680]
Ordinal0 [0x007F4DC5+1854917]
Ordinal0 [0x007FED64+1895780]
BaseThreadInitThunk [0x76847D69+25]
RtlInitializeExceptionChain [0x77E0BB9B+107]
RtlClearBits [0x77E0BB1F+191]

at org.openqa.selenium.remote.W3CHandshakeResponse.lambda$errorHandler$0(W3CHandshakeResponse.java:62)
at org.openqa.selenium.remote.HandshakeResponse.lambda$getResponseFunction$0(HandshakeResponse.java:30)
at org.openqa.selenium.remote.ProtocolHandshake.lambda$createSession$0(ProtocolHandshake.java:126)
at java.base/java.util.stream.ReferencePipeline$3$1.accept(ReferencePipeline.java:197)
at java.base/java.util.Spliterators$ArraySpliterator.tryAdvance(Spliterators.java:1002)
at java.base/java.util.stream.ReferencePipeline.forEachWithCancel(ReferencePipeline.java:129)
at java.base/java.util.stream.AbstractPipeline.copyIntoWithCancel(AbstractPipeline.java:527)
at java.base/java.util.stream.AbstractPipeline.copyInto(AbstractPipeline.java:513)
at java.base/java.util.stream.AbstractPipeline.wrapAndCopyInto(AbstractPipeline.java:499)
at java.base/java.util.stream.FindOps$FindOp.evaluateSequential(FindOps.java:150)
at java.base/java.util.stream.AbstractPipeline.evaluate(AbstractPipeline.java:234)
at java.base/java.util.stream.ReferencePipeline.findFirst(ReferencePipeline.java:647)
at org.openqa.selenium.remote.ProtocolHandshake.createSession(ProtocolHandshake.java:128)
at org.openqa.selenium.remote.ProtocolHandshake.createSession(ProtocolHandshake.java:74)
at org.openqa.selenium.remote.HttpCommandExecutor.execute(HttpCommandExecutor.java:136)
at org.openqa.selenium.remote.service.DriverCommandExecutor.execute(DriverCommandExecutor.java:83)
at org.openqa.selenium.remote.RemoteWebDriver.execute(RemoteWebDriver.java:552)
at org.openqa.selenium.remote.RemoteWebDriver.startSession(RemoteWebDriver.java:213)
at org.openqa.selenium.remote.RemoteWebDriver.<init>(RemoteWebDriver.java:131)
at org.openqa.selenium.chrome.ChromeDriver.<init>(ChromeDriver.java:181)
at org.openqa.selenium.chrome.ChromeDriver.<init>(ChromeDriver.java:168)
at org.openqa.selenium.chrome.ChromeDriver.<init>(ChromeDriver.java:123)
at TestWatchVid.Register.beforeClass(Register.java:36)
... Removed 35 stack frames]]>
    </failure>
  </testcase> <!-- @BeforeClass beforeClass -->
  <testcase classname="TestWatchVid.Register" name="@BeforeMethod beforeMethod" time="0.0">
    <skipped/>
  </testcase> <!-- @BeforeMethod beforeMethod -->
  <testcase classname="TestWatchVid.Register" name="@AfterMethod afterMethod" time="0.0">
    <skipped/>
  </testcase> <!-- @AfterMethod afterMethod -->
  <testcase classname="TestWatchVid.Register" name="@AfterClass afterclass" time="0.0">
    <skipped/>
  </testcase> <!-- @AfterClass afterclass -->
  <testcase classname="TestWatchVid.Register" name="byju" time="0.0">
    <skipped/>
  </testcase> <!-- byju -->
</testsuite> <!-- Test -->
