<?xml version="1.0" encoding="UTF-8"?>
<!-- Generated by org.testng.reporters.JUnitXMLReporter -->
<testsuite ignored="0" hostname="RKAINS007" failures="1" tests="1" name="Test" time="20.654" errors="0" timestamp="2023-06-08T20:25:52 IST">
  <testcase classname="HomePage.Dropdown1Test" name="DD1" time="12.477">
    <failure type="java.lang.AssertionError" message="expected [https://www.jiomart.com] but found [https://www.jiomart.com/]">
      <![CDATA[java.lang.AssertionError: expected [https://www.jiomart.com] but found [https://www.jiomart.com/]
at HomePage.Dropdown1Test.DD1(Dropdown1Test.java:65)
at java.base/java.util.ArrayList.forEach(ArrayList.java:1511)
... Removed 31 stack frames]]>
    </failure>
  </testcase> <!-- DD1 -->
</testsuite> <!-- Test -->
